<?xml version="1.0" encoding="UTF-8"?>
<testsuite xmlns:xsi="http://www.w3.org/2001/XMLSchema-instance" xsi:noNamespaceSchemaLocation="https://maven.apache.org/surefire/maven-surefire-plugin/xsd/surefire-test-report-3.0.xsd" version="3.0" name="co.com.hyunseda.market.domain.ProductTest" time="0.04" tests="8" errors="0" skipped="0" failures="0">
  <properties>
[...]
</properties>
  <testcase name="testSetDescription" classname="co.com.hyunseda.market.domain.ProductTest" time="0.0">
    <system-out><![CDATA[setDescription
]]></system-out>
  </testcase>
  <testcase name="testGetName" classname="co.com.hyunseda.market.domain.ProductTest" time="0.017">
    <system-out><![CDATA[getName
]]></system-out>
  </testcase>
  <testcase name="testGetProductId" classname="co.com.hyunseda.market.domain.ProductTest" time="0.002">
    <system-out><![CDATA[getProductId
]]></system-out>
  </testcase>
  <testcase name="testGetDescription" classname="co.com.hyunseda.market.domain.ProductTest" time="0.005">
    <system-out><![CDATA[getDescription
]]></system-out>
  </testcase>
  <testcase name="testSetCategory" classname="co.com.hyunseda.market.domain.ProductTest" time="0.004">
    <system-out><![CDATA[setCategory
]]></system-out>
  </testcase>
  <testcase name="testGetCategory" classname="co.com.hyunseda.market.domain.ProductTest" time="0.003">
    <system-out><![CDATA[getCategory
]]></system-out>
  </testcase>
  <testcase name="testSetProductId" classname="co.com.hyunseda.market.domain.ProductTest" time="0.003">
    <system-out><![CDATA[setProductId
]]></system-out>
  </testcase>
  <testcase name="testSetName" classname="co.com.hyunseda.market.domain.ProductTest" time="0.0">
    <system-out><![CDATA[setName
]]></system-out>
  </testcase>
</testsuite>